<?xml version="1.0" encoding="UTF-8"?>
<testng-results ignored="0" total="2" passed="2" failed="0" skipped="0">
  <reporter-output>
  </reporter-output>
  <suite started-at="2019-06-06T10:32:39Z" name="Suite" finished-at="2019-06-06T10:33:01Z" duration-ms="21411">
    <groups>
    </groups>
    <test started-at="2019-06-06T10:32:39Z" name="Test" finished-at="2019-06-06T10:33:01Z" duration-ms="21411">
      <class name="testpanel.ExeTest">
        <test-method is-config="true" signature="navigate()[pri:0, instance:testpanel.ExeTest@548a102f]" started-at="2019-06-06T10:32:39Z" name="navigate" finished-at="2019-06-06T10:32:49Z" duration-ms="10207" status="PASS">
          <reporter-output>
          </reporter-output>
        </test-method> <!-- navigate -->
        <test-method signature="InvalidLogin()[pri:0, instance:testpanel.ExeTest@548a102f]" started-at="2019-06-06T10:32:49Z" name="InvalidLogin" finished-at="2019-06-06T10:32:50Z" duration-ms="641" status="PASS">
          <reporter-output>
          </reporter-output>
        </test-method> <!-- InvalidLogin -->
        <test-method is-config="true" signature="CloseBrowser()[pri:0, instance:testpanel.ExeTest@548a102f]" started-at="2019-06-06T10:32:50Z" name="CloseBrowser" finished-at="2019-06-06T10:32:50Z" duration-ms="174" status="PASS">
          <reporter-output>
          </reporter-output>
        </test-method> <!-- CloseBrowser -->
        <test-method is-config="true" signature="navigate()[pri:0, instance:testpanel.ExeTest@548a102f]" started-at="2019-06-06T10:32:50Z" name="navigate" finished-at="2019-06-06T10:33:00Z" duration-ms="9717" status="PASS">
          <reporter-output>
          </reporter-output>
        </test-method> <!-- navigate -->
        <test-method signature="Validlogin()[pri:0, instance:testpanel.ExeTest@548a102f]" started-at="2019-06-06T10:33:00Z" name="Validlogin" finished-at="2019-06-06T10:33:00Z" duration-ms="552" status="PASS">
          <reporter-output>
          </reporter-output>
        </test-method> <!-- Validlogin -->
        <test-method is-config="true" signature="CloseBrowser()[pri:0, instance:testpanel.ExeTest@548a102f]" started-at="2019-06-06T10:33:00Z" name="CloseBrowser" finished-at="2019-06-06T10:33:01Z" duration-ms="98" status="PASS">
          <reporter-output>
          </reporter-output>
        </test-method> <!-- CloseBrowser -->
      </class> <!-- testpanel.ExeTest -->
    </test> <!-- Test -->
  </suite> <!-- Suite -->
</testng-results>
