<?xml version="1.0" encoding="UTF-8"?>
<!-- Generated by org.testng.reporters.JUnitXMLReporter -->
<testsuite ignored="0" hostname="DESKTOP-4JG1F6Q" failures="0" tests="3" name="Default test" time="0.047" errors="0" timestamp="03 Jun 2019 23:27:57 GMT">
  <testcase classname="qa.myproject.com.MyTests" name="loginValid" time="0.007"/>
  <testcase classname="qa.myproject.com.MyTests" name="loginInvalid" time="0.001"/>
  <testcase classname="qa.myproject.com.MyTests" name="alerts" time="0.004"/>
</testsuite> <!-- Default test -->
