<?xml version="1.0" encoding="UTF-8"?>
<testng-results ignored="0" total="3" passed="3" failed="0" skipped="0">
  <reporter-output>
  </reporter-output>
  <suite started-at="2019-06-03T23:27:56Z" name="Default suite" finished-at="2019-06-03T23:27:56Z" duration-ms="47">
    <groups>
    </groups>
    <test started-at="2019-06-03T23:27:56Z" name="Default test" finished-at="2019-06-03T23:27:56Z" duration-ms="47">
      <class name="qa.myproject.com.MyTests">
        <test-method is-config="true" signature="beforeMethod()[pri:0, instance:qa.myproject.com.MyTests@436a4e4b]" started-at="2019-06-03T23:27:56Z" name="beforeMethod" finished-at="2019-06-03T23:27:56Z" duration-ms="9" status="PASS">
          <reporter-output>
          </reporter-output>
        </test-method> <!-- beforeMethod -->
        <test-method signature="loginValid()[pri:1, instance:qa.myproject.com.MyTests@436a4e4b]" started-at="2019-06-03T23:27:56Z" name="loginValid" finished-at="2019-06-03T23:27:56Z" duration-ms="7" status="PASS">
          <reporter-output>
          </reporter-output>
        </test-method> <!-- loginValid -->
        <test-method signature="loginInvalid()[pri:2, instance:qa.myproject.com.MyTests@436a4e4b]" started-at="2019-06-03T23:27:56Z" name="loginInvalid" finished-at="2019-06-03T23:27:56Z" duration-ms="1" status="PASS">
          <reporter-output>
          </reporter-output>
        </test-method> <!-- loginInvalid -->
        <test-method signature="alerts()[pri:3, instance:qa.myproject.com.MyTests@436a4e4b]" started-at="2019-06-03T23:27:56Z" name="alerts" finished-at="2019-06-03T23:27:56Z" duration-ms="4" status="PASS">
          <reporter-output>
          </reporter-output>
        </test-method> <!-- alerts -->
        <test-method is-config="true" signature="afterMethod()[pri:0, instance:qa.myproject.com.MyTests@436a4e4b]" started-at="2019-06-03T23:27:56Z" name="afterMethod" finished-at="2019-06-03T23:27:56Z" duration-ms="1" status="PASS">
          <reporter-output>
          </reporter-output>
        </test-method> <!-- afterMethod -->
      </class> <!-- qa.myproject.com.MyTests -->
    </test> <!-- Default test -->
  </suite> <!-- Default suite -->
</testng-results>
